<?xml version="1.0" encoding="UTF-8"?>
<testng-results ignored="0" total="1" passed="1" failed="0" skipped="0">
  <reporter-output>
  </reporter-output>
  <suite started-at="2024-02-06T18:16:16 IST" name="Default suite" finished-at="2024-02-06T18:16:48 IST" duration-ms="31902">
    <groups>
    </groups>
    <test started-at="2024-02-06T18:16:16 IST" name="Default test" finished-at="2024-02-06T18:16:48 IST" duration-ms="31902">
      <class name="Selenium.testerSwitch.AppTest">
        <test-method signature="Launch()[pri:0, instance:Selenium.testerSwitch.AppTest@39529185]" started-at="2024-02-06T18:16:16 IST" name="Launch" finished-at="2024-02-06T18:16:48 IST" duration-ms="31871" status="PASS">
          <reporter-output>
          </reporter-output>
        </test-method> <!-- Launch -->
      </class> <!-- Selenium.testerSwitch.AppTest -->
    </test> <!-- Default test -->
  </suite> <!-- Default suite -->
</testng-results>
